<?xml version="1.0" encoding="UTF-8"?>
<!-- Generated by org.testng.reporters.JUnitXMLReporter -->
<testsuite hostname="DESKTOP-RL7I7P6" ignored="0" name="Test" tests="17" failures="13" timestamp="28 Apr 2020 12:34:02 GMT" time="17.761" errors="0">
  <testcase name="checklogin" time="2.419" classname="com.admin.qa.testcases.LoginTest"/>
  <testcase name="checklogo" time="0.05" classname="com.admin.qa.testcases.LoginTest"/>
  <testcase name="checktitle" time="0.015" classname="com.admin.qa.testcases.LoginTest"/>
  <testcase name="verifyAddUserPageTitle" time="0.016" classname="com.admin.qa.testcases.AddUserPageTest">
    <failure type="java.lang.AssertionError" message="expected [AdminLTE 2 | Add User] but found [AdminLTE 2 | Dashboard]">
      <![CDATA[java.lang.AssertionError: expected [AdminLTE 2 | Add User] but found [AdminLTE 2 | Dashboard]
	at com.admin.qa.testcases.AddUserPageTest.verifyAddUserPageTitle(AddUserPageTest.java:44)
... Removed 31 stack frames]]>
    </failure>
  </testcase> <!-- verifyAddUserPageTitle -->
  <testcase name="checktitle" time="0.0" classname="com.admin.qa.testcases.DashboardTest">
    <failure type="java.lang.NullPointerException">
      <![CDATA[java.lang.NullPointerException
	at com.admin.qa.testcases.DashboardTest.checktitle(DashboardTest.java:35)
... Removed 25 stack frames]]>
    </failure>
  </testcase> <!-- checktitle -->
  <testcase name="verifyUserLink" time="0.009" classname="com.admin.qa.testcases.UserPageTest">
    <failure type="java.lang.NullPointerException">
      <![CDATA[java.lang.NullPointerException
	at com.admin.qa.testcases.UserPageTest.verifyUserLink(UserPageTest.java:41)
... Removed 25 stack frames]]>
    </failure>
  </testcase> <!-- verifyUserLink -->
  <testcase name="verifyAddUserPageLabel" time="0.003" classname="com.admin.qa.testcases.AddUserPageTest">
    <failure type="java.lang.NullPointerException">
      <![CDATA[java.lang.NullPointerException
	at org.openqa.selenium.support.pagefactory.DefaultElementLocator.findElement(DefaultElementLocator.java:69)
	at org.openqa.selenium.support.pagefactory.internal.LocatingElementHandler.invoke(LocatingElementHandler.java:38)
	at com.sun.proxy.$Proxy8.getText(Unknown Source)
	at com.admin.qa.pages.AddUserPage.addUserPageLabelTest(AddUserPage.java:77)
	at com.admin.qa.testcases.AddUserPageTest.verifyAddUserPageLabel(AddUserPageTest.java:50)
... Removed 25 stack frames]]>
    </failure>
  </testcase> <!-- verifyAddUserPageLabel -->
  <testcase name="verifyDashboardPageLabel" time="0.002" classname="com.admin.qa.testcases.DashboardTest">
    <failure type="java.lang.NullPointerException">
      <![CDATA[java.lang.NullPointerException
	at com.admin.qa.testcases.DashboardTest.verifyDashboardPageLabel(DashboardTest.java:43)
... Removed 25 stack frames]]>
    </failure>
  </testcase> <!-- verifyDashboardPageLabel -->
  <testcase name="verifyUserPageTitle" time="0.001" classname="com.admin.qa.testcases.UserPageTest">
    <failure type="java.lang.NullPointerException">
      <![CDATA[java.lang.NullPointerException
	at com.admin.qa.testcases.UserPageTest.verifyUserPageTitle(UserPageTest.java:47)
... Removed 25 stack frames]]>
    </failure>
  </testcase> <!-- verifyUserPageTitle -->
  <testcase name="verifyAddUserPageFormLables" time="0.001" classname="com.admin.qa.testcases.AddUserPageTest">
    <failure type="java.lang.NullPointerException">
      <![CDATA[java.lang.NullPointerException
	at org.openqa.selenium.support.pagefactory.DefaultElementLocator.findElement(DefaultElementLocator.java:69)
	at org.openqa.selenium.support.pagefactory.internal.LocatingElementHandler.invoke(LocatingElementHandler.java:38)
	at com.sun.proxy.$Proxy8.getText(Unknown Source)
	at com.admin.qa.pages.AddUserPage.addUserPageFormLabelsTest(AddUserPage.java:85)
	at com.admin.qa.testcases.AddUserPageTest.verifyAddUserPageFormLables(AddUserPageTest.java:57)
... Removed 25 stack frames]]>
    </failure>
  </testcase> <!-- verifyAddUserPageFormLables -->
  <testcase name="verifyLoggedUser" time="0.003" classname="com.admin.qa.testcases.DashboardTest">
    <failure type="java.lang.NullPointerException">
      <![CDATA[java.lang.NullPointerException
	at com.admin.qa.testcases.DashboardTest.verifyLoggedUser(DashboardTest.java:50)
... Removed 25 stack frames]]>
    </failure>
  </testcase> <!-- verifyLoggedUser -->
  <testcase name="verifyUserPageLabel" time="0.002" classname="com.admin.qa.testcases.UserPageTest">
    <failure type="java.lang.NullPointerException">
      <![CDATA[java.lang.NullPointerException
	at com.admin.qa.testcases.UserPageTest.verifyUserPageLabel(UserPageTest.java:54)
... Removed 25 stack frames]]>
    </failure>
  </testcase> <!-- verifyUserPageLabel -->
  <testcase name="verifyAddUserForm" time="0.0" classname="com.admin.qa.testcases.AddUserPageTest">
    <skipped/>
  </testcase> <!-- verifyAddUserForm -->
  <testcase name="verifyUserLink" time="3.011" classname="com.admin.qa.testcases.DashboardTest">
    <failure type="java.lang.NullPointerException">
      <![CDATA[java.lang.NullPointerException
	at com.admin.qa.testcases.DashboardTest.verifyUserLink(DashboardTest.java:63)
... Removed 25 stack frames]]>
    </failure>
  </testcase> <!-- verifyUserLink -->
  <testcase name="verifyLoginPageBtn" time="0.0" classname="com.admin.qa.testcases.UserPageTest">
    <failure type="java.lang.NullPointerException">
      <![CDATA[java.lang.NullPointerException
	at com.admin.qa.testcases.UserPageTest.verifyLoginPageBtn(UserPageTest.java:61)
... Removed 25 stack frames]]>
    </failure>
  </testcase> <!-- verifyLoginPageBtn -->
  <testcase name="checklogo" time="3.021" classname="com.admin.qa.testcases.DashboardTest">
    <failure type="java.lang.NullPointerException">
      <![CDATA[java.lang.NullPointerException
	at com.admin.qa.testcases.DashboardTest.checklogo(DashboardTest.java:74)
... Removed 25 stack frames]]>
    </failure>
  </testcase> <!-- checklogo -->
  <testcase name="verifyadduser" time="0.0" classname="com.admin.qa.testcases.UserPageTest">
    <failure type="java.lang.NullPointerException">
      <![CDATA[java.lang.NullPointerException
	at com.admin.qa.testcases.UserPageTest.verifyadduser(UserPageTest.java:68)
... Removed 25 stack frames]]>
    </failure>
  </testcase> <!-- verifyadduser -->
</testsuite> <!-- Test -->
